__construct
__tostring
block
connect
connect_after
connect_object
connect_object_after
connect_simple
connect_simple_after
disconnect
emit
emit_stop_by_name
freeze_notify
get_data
get_description
get_index_in_parent
get_layer
get_mdi_zorder
get_n_accessible_children
get_name
get_parent
get_property
get_role
is_connected
notify
ref_accessible_child
ref_relation_set
ref_state_set
remove_property_change_handler
set_data
set_description
set_name
set_parent
set_property
set_role
signal_list_ids
signal_list_names
signal_query
stop_emission
thaw_notify
unblock
