C14N
C14NFile
__construct
adoptNode
appendChild
cloneNode
compareDocumentPosition
createAttribute
createAttributeNS
createCDATASection
createComment
createDocumentFragment
createElement
createElementNS
createEntityReference
createProcessingInstruction
createTextNode
getElementById
getElementsByTagName
getElementsByTagNameNS
getFeature
getNodePath
getUserData
hasAttributes
hasChildNodes
importNode
insertBefore
isDefaultNamespace
isEqualNode
isSameNode
isSupported
load
loadHTML
loadHTMLFile
loadXML
lookupNamespaceUri
lookupPrefix
normalize
normalizeDocument
registerNodeClass
relaxNGValidate
relaxNGValidateSource
removeChild
renameNode
replaceChild
save
saveHTML
saveHTMLFile
saveXML
schemaValidate
schemaValidateSource
setUserData
validate
xinclude
