C14N
C14NFile
__construct
appendChild
cloneNode
compareDocumentPosition
getAttribute
getAttributeNS
getAttributeNode
getAttributeNodeNS
getElementsByTagName
getElementsByTagNameNS
getFeature
getNodePath
getUserData
hasAttribute
hasAttributeNS
hasAttributes
hasChildNodes
insertBefore
isDefaultNamespace
isEqualNode
isSameNode
isSupported
lookupNamespaceUri
lookupPrefix
normalize
removeAttribute
removeAttributeNS
removeAttributeNode
removeChild
replaceChild
setAttribute
setAttributeNS
setAttributeNode
setAttributeNodeNS
setIdAttribute
setIdAttributeNS
setIdAttributeNode
setUserData
