__construct
__toString
export
getConstant
getConstants
getConstructor
getDefaultProperties
getDocComment
getEndLine
getExtension
getExtensionName
getFileName
getInterfaceNames
getInterfaces
getMethod
getMethods
getModifiers
getName
getParentClass
getProperties
getProperty
getStartLine
getStaticProperties
getStaticPropertyValue
hasConstant
hasMethod
hasProperty
implementsInterface
isAbstract
isFinal
isInstance
isInstantiable
isInterface
isInternal
isIterateable
isSubclassOf
isUserDefined
newInstance
newInstanceArgs
setStaticPropertyValue
