endAttribute
endCdata
endComment
endDocument
endDtd
endDtdAttlist
endDtdElement
endDtdEntity
endElement
endPi
flush
fullEndElement
openMemory
openUri
outputMemory
setIndent
setIndentString
startAttribute
startAttributeNs
startCdata
startComment
startDocument
startDtd
startDtdAttlist
startDtdElement
startDtdEntity
startElement
startElementNs
startPi
text
writeAttribute
writeAttributeNs
writeCdata
writeComment
writeDtd
writeDtdAttlist
writeDtdElement
writeDtdEntity
writeElement
writeElementNs
writePi
writeRaw
