* TODO : da testare e correggere
  nuova funzione c_callFXex in grado di richiamare funzioni presenti in 
  librerie esterne

V.5.6.0.0
* aggiunta funzione per impostare stato finestra corrente (c_ShowActiveWindow)

V.5.5.1.0
* modificata function generazione GUID. Eliminato file di transito.
* aggiunto supporto unicode a c_fileOperation
* sostituita segnalazione errore con ritorno valore nil legato a messaggio
* compilazione ISO C++ 20 Standard
* aggiunto supporto unicode a c_browseForFolder
* inseriti messaggi di errore in lingua inglese
* rimosse vecchie funzioni interne CharToW e DeleteChToW
* rimossa funzione c_GetFilesList, non utilizzata
* rimosse definizioni superflue

V.5.5.0.0
* Aggiunta funzione c_ShowProperties per visualizzare il menu contestuale sul file corrente

V.5.4.0.0
* Aggiunta funzione c_GetFilesList per ottenere lista file/cartelle

V.5.3.0.0
* Le funzioni MsgBox accettano stringe in formato utf-8.

V.5.2.0.0
* Modificata funzione c_GetFileName in modo che ritorni i file con nomi contenenti
	caratteri unicode.

V.5.1.0.0
* versione 64bit

V.4.1.1.0
* eliminate tutti i riferimenti a MathParseKit
* rimossa dialog html (c_ShowHTMLDialog), dimostratasi inutile

V.4.1.0.0
* rimossa libreria MathParseKit che causava rilevamento da parte di vari antivirus

V.4.0.0.0
* compilato con VS 2017

V.3.2.0.0
* aggiunta funzione c_SetWindowSize per ridimensionare finestra corrente

V.3.1.0.0
* aggiunto supporto per configurazioni multi-monitor alle finestre visualizzate

V.3.0.0.0
* funzione per gestione dialog html (c_ShowHTMLDialog)

V.2.3.0.0
* aggiornata MathParseKit a versione del 11/05/2014

V.2.2.0.0
* convertiti file da .c a .cpp
* corretto quarto parametro per c_RegGetString per accettare nome file temporaneo in modo corretto
* implementate funzioni per interpretazione espressioni matematiche (c_MP_ParseFunction, c_MP_Solve, c_MP_SetVariable)

V.2.1.0.1
* aggiunta funzione c_RegGetString per leggere chiavi di registro di tipo stringa

V.2.0.0.1
* nuova funzione c_MsgBox_Customize_Btn per impostare testo dei pulsanti nelle
  messagebox

V.1.18.0.0 
* eliminare supporto per F10 come filtro in casella di testo su maschere con lista
* posizionato puntatore dopo testo una volta premuto tasto funzione in maschera lista

V.1.16.0.0
* aggiunto supporto per i tasti funzione all'interno delle liste di selezione.
  Premendo un tasto funzione, il suo nome viene scritto nella carella di filtro

V.1.15.0.0
* aggiunta funzione c_SetIniValue per il settaggio di valori in file ini

V.1.14.0.3
* aggiornato copyright per 2010
* corretta centratura dialog lista. E' ora possibile centrale la finestra rispetto
  a quella di scite, oltre che centrarla nello schermo

V.1.14.0.2
* aggiunta funzione AddToRecentDocs, che consente di aggiungere un file
  alla lista dei documenti recenti
* aggiunto parametro a RegGetInteger per leggere altre chiavi oltre la current_user

V.1.12.0.X
* corretto settaggio posizione per funzione c_ListDlg

V.1.11.0.1
V.1.10.0.0
* implementata nuova funzione c_shellAndWait che esegue un comando e attende
  la sua conclusione
* implementata funzione c_GetGUID per ottenere un valore GUID

V.1.9.0.X
* implementato filtro per selezione opzioni in liste
* ampliama dialog InputBox
* implementato parametro per selezione elemento in maschera con liste
* implementate nuove funzioni per gestione file system

V.1.6.0.0
* nuova funzione per gestione dialogo lista, con possibilità di salvare
  posizione e dimensioni
* nuova funzione per leggere e scrivere valori interi in registro
* eliminata dialog priva di bordi

V.1.3.0.0
* corretti vari errori su allocazione memoria
* implementato nuovo sistema per passaggio stringhe a Lua, basato su un file
  temporaneo

V.1.2.0.0
+ aggiunta funzione per esecuzione programmi 'c_shellExecute'

V.1.1.0.1
+ modificata intercettazione fine schermo, questo per evitare che le
  finestre di dialogo si sovrappongano alla taskbar
  
V.1.1.0.0
+ aggiunta funzione c_PathIsDirectory che indica se un path è effettivamente
  una cartella
+ aggiunta funzione c_BrowseForFolder che implementa la maschera di dialogo
  per la selezione delle cartelle
+ aggiunta funzione per ottenere lista file da cartella (c_GetFileNameList)

V.1.0.0.3
+ aggiunte barre di scorrimento orizzontali a liste di dialogo
* implementate versione release